0 info it worked if it ends with ok
1 verbose cli [ '/usr/local/bin/node',
1 verbose cli   '/Users/leima/.npm-packages/bin/npm',
1 verbose cli   'completion',
1 verbose cli   '--' ]
2 info using npm@3.8.7
3 info using node@v4.4.3
4 verbose config Skipping project config: /Users/leima/.npmrc. (matches userconfig)
5 verbose stack TypeError: Cannot read property 'length' of undefined
5 verbose stack     at EventEmitter.completion (/Users/leima/.npm-packages/lib/node_modules/npm/lib/completion.js:79:22)
5 verbose stack     at Object.commandCache.(anonymous function) (/Users/leima/.npm-packages/lib/node_modules/npm/lib/npm.js:114:13)
5 verbose stack     at EventEmitter.<anonymous> (/Users/leima/.npm-packages/lib/node_modules/npm/bin/npm-cli.js:74:30)
5 verbose stack     at nextTickCallbackWith0Args (node.js:420:9)
5 verbose stack     at process._tickCallback (node.js:349:13)
6 verbose cwd /Users/leima/GitHub/InterImm/app
7 error Darwin 16.1.0
8 error argv "/usr/local/bin/node" "/Users/leima/.npm-packages/bin/npm" "completion" "--"
9 error node v4.4.3
10 error npm  v3.8.7
11 error Cannot read property 'length' of undefined
12 error If you need help, you may report this error at:
12 error     <https://github.com/npm/npm/issues>
13 verbose exit [ 1, true ]
